Mon May 13 14:17:13 BRT 2013
ok
Mon May 13 14:18:06 BRT 2013
ok
Mon May 13 18:17:13 BRT 2013
ok
Tue May 14 14:17:14 BRT 2013
ok
Tue May 14 17:17:13 BRT 2013
ok
Wed May 15 11:17:13 BRT 2013
ok
Wed May 15 16:17:13 BRT 2013
ok
Wed May 15 17:17:14 BRT 2013
ok
Thu May 16 16:17:14 BRT 2013
ok
Tue May 21 10:17:13 BRT 2013
ok
Tue May 21 16:17:13 BRT 2013
ok
Thu May 23 15:17:13 BRT 2013
ok
Thu May 23 17:17:13 BRT 2013
ok
Thu Jun  6 12:17:13 BRT 2013
ok
Wed Jul 17 11:17:13 BRT 2013
ok
Wed Jul 17 12:17:14 BRT 2013
ok
Wed Jul 17 14:17:13 BRT 2013
ok
Wed Jul 17 15:17:14 BRT 2013
ok
Mon Aug  5 14:17:13 BRT 2013
ok
Mon Aug  5 17:17:13 BRT 2013
ok
Wed Sep 18 08:17:13 BRT 2013
ok
Wed Sep 25 12:17:13 BRT 2013
ok
Fri Sep 27 11:17:13 BRT 2013
ok
Fri Sep 27 13:17:13 BRT 2013
ok
Fri Sep 27 14:17:13 BRT 2013
ok
Fri Sep 27 15:17:14 BRT 2013
ok
Fri Oct  4 18:17:13 BRT 2013
ok
